#
# There is insufficient memory for the Java Runtime Environment to continue.
# Native memory allocation (malloc) failed to allocate 443536 bytes for Chunk::new
# Possible reasons:
#   The system is out of physical RAM or swap space
#   The process is running with CompressedOops enabled, and the Java Heap may be blocking the growth of the native heap
# Possible solutions:
#   Reduce memory load on the system
#   Increase physical memory or swap space
#   Check if swap backing store is full
#   Decrease Java heap size (-Xmx/-Xms)
#   Decrease number of Java threads
#   Decrease Java thread stack sizes (-Xss)
#   Set larger code cache with -XX:ReservedCodeCacheSize=
#   JVM is running with Zero Based Compressed Oops mode in which the Java heap is
#     placed in the first 32GB address space. The Java Heap base address is the
#     maximum limit for the native heap growth. Please use -XX:HeapBaseMinAddress
#     to set the Java Heap base and to place the Java Heap above 32GB virtual address.
# This output file may be truncated or incomplete.
#
#  Out of Memory Error (t:/workspace/open/src/hotspot/share/memory/arena.cpp:196), pid=19200, tid=19168
#
# JRE version: Java(TM) SE Runtime Environment (13.0.2+8) (build 13.0.2+8)
# Java VM: Java HotSpot(TM) 64-Bit Server VM (13.0.2+8, mixed mode, sharing, tiered, compressed oops, g1 gc, windows-amd64)
# No core dump will be written. Minidumps are not enabled by default on client versions of Windows
#

---------------  S U M M A R Y ------------

Command Line: -Dorg.jetbrains.run.directory=C:\Users\Bienvenido\IdeaProjects\Challenge\src\test\resources -javaagent:D:\Program Files\JetBrains\IntelliJ IDEA Community Edition 2020.1\lib\idea_rt.jar=54082:D:\Program Files\JetBrains\IntelliJ IDEA Community Edition 2020.1\bin -Dfile.encoding=UTF-8 io.cucumber.core.cli.Main --plugin org.jetbrains.plugins.cucumber.java.run.CucumberJvm5SMFormatter --glue com.cucumberBaby.StepDefs C:/Users/Bienvenido/IdeaProjects/Challenge/src/test/resources/landingMSPage.feature

Host: Intel(R) Core(TM) i7-2600 CPU @ 3.40GHz, 4 cores, 15G,  Windows 10 , 64 bit Build 18362 (10.0.18362.1500)
Time: Tue May  4 00:01:15 2021 Central Daylight Time (Mexico) elapsed time: 7 seconds (0d 0h 0m 7s)

---------------  T H R E A D  ---------------

Current thread (0x00000213d5496000):  JavaThread "C2 CompilerThread0" daemon [_thread_in_native, id=19168, stack(0x000000526ac00000,0x000000526ad00000)]


Current CompileTask:
C2:   7757 1899       4       java.io.DataOutputStream::writeShort (35 bytes)

Stack: [0x000000526ac00000,0x000000526ad00000]
Native frames: (J=compiled Java code, j=interpreted, Vv=VM code, C=native code)
V  [jvm.dll+0x624f9a]
V  [jvm.dll+0x770cfa]
V  [jvm.dll+0x7724af]
V  [jvm.dll+0x772ab3]
V  [jvm.dll+0x24bf08]
V  [jvm.dll+0xc1e47]
V  [jvm.dll+0xc23cc]
V  [jvm.dll+0x35c0c5]
V  [jvm.dll+0x327803]
V  [jvm.dll+0x326bda]
V  [jvm.dll+0x205c27]
V  [jvm.dll+0x204e3f]
V  [jvm.dll+0x189c2c]
V  [jvm.dll+0x213e6d]
V  [jvm.dll+0x2120bb]
V  [jvm.dll+0x736bb6]
V  [jvm.dll+0x72fcaa]
V  [jvm.dll+0x623ea6]
C  [ucrtbase.dll+0x210b2]
C  [KERNEL32.DLL+0x17c24]
C  [ntdll.dll+0x6d721]


---------------  P R O C E S S  ---------------

Threads class SMR info:
_java_thread_list=0x00000213d64eece0, length=17, elements={
0x00000213b1894000, 0x00000213d4bf3800, 0x00000213d4bf6800, 0x00000213d5493000,
0x00000213d5494000, 0x00000213d5496000, 0x00000213d5497000, 0x00000213d5498000,
0x00000213d55b7000, 0x00000213d562b000, 0x00000213d5b70800, 0x00000213d6451000,
0x00000213d64c4800, 0x00000213d64ea800, 0x00000213d630e800, 0x00000213d6a66800,
0x00000213d6b6d800
}

Java Threads: ( => current thread )
  0x00000213b1894000 JavaThread "Forwarding screenshot on session 7e760c2164c499b8b84f7b260cf41855 to remote" [_thread_in_native, id=18200, stack(0x000000526a100000,0x000000526a200000)]
  0x00000213d4bf3800 JavaThread "Reference Handler" daemon [_thread_blocked, id=4852, stack(0x000000526a800000,0x000000526a900000)]
  0x00000213d4bf6800 JavaThread "Finalizer" daemon [_thread_blocked, id=16804, stack(0x000000526a900000,0x000000526aa00000)]
  0x00000213d5493000 JavaThread "Signal Dispatcher" daemon [_thread_blocked, id=14964, stack(0x000000526aa00000,0x000000526ab00000)]
  0x00000213d5494000 JavaThread "Attach Listener" daemon [_thread_blocked, id=20004, stack(0x000000526ab00000,0x000000526ac00000)]
=>0x00000213d5496000 JavaThread "C2 CompilerThread0" daemon [_thread_in_native, id=19168, stack(0x000000526ac00000,0x000000526ad00000)]
  0x00000213d5497000 JavaThread "C1 CompilerThread0" daemon [_thread_blocked, id=12028, stack(0x000000526ad00000,0x000000526ae00000)]
  0x00000213d5498000 JavaThread "Sweeper thread" daemon [_thread_blocked, id=15864, stack(0x000000526ae00000,0x000000526af00000)]
  0x00000213d55b7000 JavaThread "Common-Cleaner" daemon [_thread_blocked, id=18540, stack(0x000000526af00000,0x000000526b000000)]
  0x00000213d562b000 JavaThread "Monitor Ctrl-Break" daemon [_thread_in_native, id=8320, stack(0x000000526b000000,0x000000526b100000)]
  0x00000213d5b70800 JavaThread "Service Thread" daemon [_thread_blocked, id=7200, stack(0x000000526b100000,0x000000526b200000)]
  0x00000213d6451000 JavaThread "Exec Default Executor" daemon [_thread_in_native, id=9456, stack(0x000000526b700000,0x000000526b800000)]
  0x00000213d64c4800 JavaThread "UrlChecker-2" daemon [_thread_blocked, id=17704, stack(0x000000526b800000,0x000000526b900000)]
  0x00000213d64ea800 JavaThread "Exec Stream Pumper" daemon [_thread_in_native, id=3080, stack(0x000000526ba00000,0x000000526bb00000)]
  0x00000213d630e800 JavaThread "Keep-Alive-Timer" daemon [_thread_blocked, id=6876, stack(0x000000526b600000,0x000000526b700000)]
  0x00000213d6a66800 JavaThread "OkHttp ConnectionPool" daemon [_thread_blocked, id=20252, stack(0x000000526bc00000,0x000000526bd00000)]
  0x00000213d6b6d800 JavaThread "Okio Watchdog" daemon [_thread_blocked, id=19284, stack(0x000000526bd00000,0x000000526be00000)]

Other Threads:
  0x00000213d4bf2000 VMThread "VM Thread" [stack: 0x000000526a700000,0x000000526a800000] [id=6536]
  0x00000213d5b71000 WatcherThread [stack: 0x000000526b200000,0x000000526b300000] [id=17464]
  0x00000213b18fb000 GCTaskThread "GC Thread#0" [stack: 0x000000526a200000,0x000000526a300000] [id=12948]
  0x00000213d5bb1000 GCTaskThread "GC Thread#1" [stack: 0x000000526b300000,0x000000526b400000] [id=2928]
  0x00000213d5bbd000 GCTaskThread "GC Thread#2" [stack: 0x000000526b400000,0x000000526b500000] [id=944]
  0x00000213d5bbd800 GCTaskThread "GC Thread#3" [stack: 0x000000526b500000,0x000000526b600000] [id=15996]
  0x00000213b191f000 ConcurrentGCThread "G1 Main Marker" [stack: 0x000000526a300000,0x000000526a400000] [id=19036]
  0x00000213b1920800 ConcurrentGCThread "G1 Conc#0" [stack: 0x000000526a400000,0x000000526a500000] [id=18444]
  0x00000213d4aee000 ConcurrentGCThread "G1 Refine#0" [stack: 0x000000526a500000,0x000000526a600000] [id=12940]
  0x00000213d4af0000 ConcurrentGCThread "G1 Young RemSet Sampling" [stack: 0x000000526a600000,0x000000526a700000] [id=13252]

Threads with active compile tasks:
C2 CompilerThread0     7804 1899       4       java.io.DataOutputStream::writeShort (35 bytes)

VM state:not at safepoint (normal execution)

VM Mutex/Monitor currently owned by a thread: None

Heap address: 0x0000000700a00000, size: 4086 MB, Compressed Oops mode: Zero based, Oop shift amount: 3
Narrow klass base: 0x0000000800000000, Narrow klass shift: 3
Compressed class space size: 1073741824 Address: 0x0000000800b40000

Heap:
 garbage-first heap   total 262144K, used 48127K [0x0000000700a00000, 0x0000000800000000)
  region size 1024K, 46 young (47104K), 2 survivors (2048K)
 Metaspace       used 13332K, capacity 13977K, committed 14080K, reserved 1060864K
  class space    used 1728K, capacity 1976K, committed 2048K, reserved 1048576K
Heap Regions: E=young(eden), S=young(survivor), O=old, HS=humongous(starts), HC=humongous(continues), CS=collection set, F=free, A=archive, TAMS=top-at-mark-start (previous, next)
|   0|0x0000000700a00000, 0x0000000700b00000, 0x0000000700b00000|100%| O|  |TAMS 0x0000000700a00000, 0x0000000700a00000| Untracked 
|   1|0x0000000700b00000, 0x0000000700bffff8, 0x0000000700c00000| 99%| O|  |TAMS 0x0000000700b00000, 0x0000000700b00000| Untracked 
|   2|0x0000000700c00000, 0x0000000700c00000, 0x0000000700d00000|  0%| F|  |TAMS 0x0000000700c00000, 0x0000000700c00000| Untracked 
|   3|0x0000000700d00000, 0x0000000700d00000, 0x0000000700e00000|  0%| F|  |TAMS 0x0000000700d00000, 0x0000000700d00000| Untracked 
|   4|0x0000000700e00000, 0x0000000700e00000, 0x0000000700f00000|  0%| F|  |TAMS 0x0000000700e00000, 0x0000000700e00000| Untracked 
|   5|0x0000000700f00000, 0x0000000700f00000, 0x0000000701000000|  0%| F|  |TAMS 0x0000000700f00000, 0x0000000700f00000| Untracked 
|   6|0x0000000701000000, 0x0000000701000000, 0x0000000701100000|  0%| F|  |TAMS 0x0000000701000000, 0x0000000701000000| Untracked 
|   7|0x0000000701100000, 0x0000000701100000, 0x0000000701200000|  0%| F|  |TAMS 0x0000000701100000, 0x0000000701100000| Untracked 
|   8|0x0000000701200000, 0x0000000701200000, 0x0000000701300000|  0%| F|  |TAMS 0x0000000701200000, 0x0000000701200000| Untracked 
|   9|0x0000000701300000, 0x0000000701300000, 0x0000000701400000|  0%| F|  |TAMS 0x0000000701300000, 0x0000000701300000| Untracked 
|  10|0x0000000701400000, 0x0000000701400000, 0x0000000701500000|  0%| F|  |TAMS 0x0000000701400000, 0x0000000701400000| Untracked 
|  11|0x0000000701500000, 0x0000000701500000, 0x0000000701600000|  0%| F|  |TAMS 0x0000000701500000, 0x0000000701500000| Untracked 
|  12|0x0000000701600000, 0x0000000701600000, 0x0000000701700000|  0%| F|  |TAMS 0x0000000701600000, 0x0000000701600000| Untracked 
|  13|0x0000000701700000, 0x0000000701700000, 0x0000000701800000|  0%| F|  |TAMS 0x0000000701700000, 0x0000000701700000| Untracked 
|  14|0x0000000701800000, 0x0000000701800000, 0x0000000701900000|  0%| F|  |TAMS 0x0000000701800000, 0x0000000701800000| Untracked 
|  15|0x0000000701900000, 0x0000000701900000, 0x0000000701a00000|  0%| F|  |TAMS 0x0000000701900000, 0x0000000701900000| Untracked 
|  16|0x0000000701a00000, 0x0000000701a00000, 0x0000000701b00000|  0%| F|  |TAMS 0x0000000701a00000, 0x0000000701a00000| Untracked 
|  17|0x0000000701b00000, 0x0000000701b00000, 0x0000000701c00000|  0%| F|  |TAMS 0x0000000701b00000, 0x0000000701b00000| Untracked 
|  18|0x0000000701c00000, 0x0000000701c00000, 0x0000000701d00000|  0%| F|  |TAMS 0x0000000701c00000, 0x0000000701c00000| Untracked 
|  19|0x0000000701d00000, 0x0000000701d00000, 0x0000000701e00000|  0%| F|  |TAMS 0x0000000701d00000, 0x0000000701d00000| Untracked 
|  20|0x0000000701e00000, 0x0000000701e00000, 0x0000000701f00000|  0%| F|  |TAMS 0x0000000701e00000, 0x0000000701e00000| Untracked 
|  21|0x0000000701f00000, 0x0000000701f00000, 0x0000000702000000|  0%| F|  |TAMS 0x0000000701f00000, 0x0000000701f00000| Untracked 
|  22|0x0000000702000000, 0x0000000702000000, 0x0000000702100000|  0%| F|  |TAMS 0x0000000702000000, 0x0000000702000000| Untracked 
|  23|0x0000000702100000, 0x0000000702100000, 0x0000000702200000|  0%| F|  |TAMS 0x0000000702100000, 0x0000000702100000| Untracked 
|  24|0x0000000702200000, 0x0000000702200000, 0x0000000702300000|  0%| F|  |TAMS 0x0000000702200000, 0x0000000702200000| Untracked 
|  25|0x0000000702300000, 0x0000000702300000, 0x0000000702400000|  0%| F|  |TAMS 0x0000000702300000, 0x0000000702300000| Untracked 
|  26|0x0000000702400000, 0x0000000702400000, 0x0000000702500000|  0%| F|  |TAMS 0x0000000702400000, 0x0000000702400000| Untracked 
|  27|0x0000000702500000, 0x0000000702500000, 0x0000000702600000|  0%| F|  |TAMS 0x0000000702500000, 0x0000000702500000| Untracked 
|  28|0x0000000702600000, 0x0000000702600000, 0x0000000702700000|  0%| F|  |TAMS 0x0000000702600000, 0x0000000702600000| Untracked 
|  29|0x0000000702700000, 0x0000000702700000, 0x0000000702800000|  0%| F|  |TAMS 0x0000000702700000, 0x0000000702700000| Untracked 
|  30|0x0000000702800000, 0x0000000702800000, 0x0000000702900000|  0%| F|  |TAMS 0x0000000702800000, 0x0000000702800000| Untracked 
|  31|0x0000000702900000, 0x0000000702900000, 0x0000000702a00000|  0%| F|  |TAMS 0x0000000702900000, 0x0000000702900000| Untracked 
|  32|0x0000000702a00000, 0x0000000702a00000, 0x0000000702b00000|  0%| F|  |TAMS 0x0000000702a00000, 0x0000000702a00000| Untracked 
|  33|0x0000000702b00000, 0x0000000702b00000, 0x0000000702c00000|  0%| F|  |TAMS 0x0000000702b00000, 0x0000000702b00000| Untracked 
|  34|0x0000000702c00000, 0x0000000702c00000, 0x0000000702d00000|  0%| F|  |TAMS 0x0000000702c00000, 0x0000000702c00000| Untracked 
|  35|0x0000000702d00000, 0x0000000702d00000, 0x0000000702e00000|  0%| F|  |TAMS 0x0000000702d00000, 0x0000000702d00000| Untracked 
|  36|0x0000000702e00000, 0x0000000702e00000, 0x0000000702f00000|  0%| F|  |TAMS 0x0000000702e00000, 0x0000000702e00000| Untracked 
|  37|0x0000000702f00000, 0x0000000702f00000, 0x0000000703000000|  0%| F|  |TAMS 0x0000000702f00000, 0x0000000702f00000| Untracked 
|  38|0x0000000703000000, 0x0000000703000000, 0x0000000703100000|  0%| F|  |TAMS 0x0000000703000000, 0x0000000703000000| Untracked 
|  39|0x0000000703100000, 0x0000000703100000, 0x0000000703200000|  0%| F|  |TAMS 0x0000000703100000, 0x0000000703100000| Untracked 
|  40|0x0000000703200000, 0x0000000703200000, 0x0000000703300000|  0%| F|  |TAMS 0x0000000703200000, 0x0000000703200000| Untracked 
|  41|0x0000000703300000, 0x0000000703300000, 0x0000000703400000|  0%| F|  |TAMS 0x0000000703300000, 0x0000000703300000| Untracked 
|  42|0x0000000703400000, 0x0000000703400000, 0x0000000703500000|  0%| F|  |TAMS 0x0000000703400000, 0x0000000703400000| Untracked 
|  43|0x0000000703500000, 0x0000000703500000, 0x0000000703600000|  0%| F|  |TAMS 0x0000000703500000, 0x0000000703500000| Untracked 
|  44|0x0000000703600000, 0x0000000703600000, 0x0000000703700000|  0%| F|  |TAMS 0x0000000703600000, 0x0000000703600000| Untracked 
|  45|0x0000000703700000, 0x0000000703700000, 0x0000000703800000|  0%| F|  |TAMS 0x0000000703700000, 0x0000000703700000| Untracked 
|  46|0x0000000703800000, 0x0000000703800000, 0x0000000703900000|  0%| F|  |TAMS 0x0000000703800000, 0x0000000703800000| Untracked 
|  47|0x0000000703900000, 0x0000000703900000, 0x0000000703a00000|  0%| F|  |TAMS 0x0000000703900000, 0x0000000703900000| Untracked 
|  48|0x0000000703a00000, 0x0000000703a00000, 0x0000000703b00000|  0%| F|  |TAMS 0x0000000703a00000, 0x0000000703a00000| Untracked 
|  49|0x0000000703b00000, 0x0000000703b00000, 0x0000000703c00000|  0%| F|  |TAMS 0x0000000703b00000, 0x0000000703b00000| Untracked 
|  50|0x0000000703c00000, 0x0000000703c00000, 0x0000000703d00000|  0%| F|  |TAMS 0x0000000703c00000, 0x0000000703c00000| Untracked 
|  51|0x0000000703d00000, 0x0000000703d00000, 0x0000000703e00000|  0%| F|  |TAMS 0x0000000703d00000, 0x0000000703d00000| Untracked 
|  52|0x0000000703e00000, 0x0000000703e00000, 0x0000000703f00000|  0%| F|  |TAMS 0x0000000703e00000, 0x0000000703e00000| Untracked 
|  53|0x0000000703f00000, 0x0000000703f00000, 0x0000000704000000|  0%| F|  |TAMS 0x0000000703f00000, 0x0000000703f00000| Untracked 
|  54|0x0000000704000000, 0x0000000704000000, 0x0000000704100000|  0%| F|  |TAMS 0x0000000704000000, 0x0000000704000000| Untracked 
|  55|0x0000000704100000, 0x0000000704100000, 0x0000000704200000|  0%| F|  |TAMS 0x0000000704100000, 0x0000000704100000| Untracked 
|  56|0x0000000704200000, 0x0000000704200000, 0x0000000704300000|  0%| F|  |TAMS 0x0000000704200000, 0x0000000704200000| Untracked 
|  57|0x0000000704300000, 0x0000000704300000, 0x0000000704400000|  0%| F|  |TAMS 0x0000000704300000, 0x0000000704300000| Untracked 
|  58|0x0000000704400000, 0x0000000704400000, 0x0000000704500000|  0%| F|  |TAMS 0x0000000704400000, 0x0000000704400000| Untracked 
|  59|0x0000000704500000, 0x0000000704500000, 0x0000000704600000|  0%| F|  |TAMS 0x0000000704500000, 0x0000000704500000| Untracked 
|  60|0x0000000704600000, 0x0000000704600000, 0x0000000704700000|  0%| F|  |TAMS 0x0000000704600000, 0x0000000704600000| Untracked 
|  61|0x0000000704700000, 0x0000000704700000, 0x0000000704800000|  0%| F|  |TAMS 0x0000000704700000, 0x0000000704700000| Untracked 
|  62|0x0000000704800000, 0x0000000704800000, 0x0000000704900000|  0%| F|  |TAMS 0x0000000704800000, 0x0000000704800000| Untracked 
|  63|0x0000000704900000, 0x0000000704900000, 0x0000000704a00000|  0%| F|  |TAMS 0x0000000704900000, 0x0000000704900000| Untracked 
|  64|0x0000000704a00000, 0x0000000704a00000, 0x0000000704b00000|  0%| F|  |TAMS 0x0000000704a00000, 0x0000000704a00000| Untracked 
|  65|0x0000000704b00000, 0x0000000704b00000, 0x0000000704c00000|  0%| F|  |TAMS 0x0000000704b00000, 0x0000000704b00000| Untracked 
|  66|0x0000000704c00000, 0x0000000704c00000, 0x0000000704d00000|  0%| F|  |TAMS 0x0000000704c00000, 0x0000000704c00000| Untracked 
|  67|0x0000000704d00000, 0x0000000704d00000, 0x0000000704e00000|  0%| F|  |TAMS 0x0000000704d00000, 0x0000000704d00000| Untracked 
|  68|0x0000000704e00000, 0x0000000704e00000, 0x0000000704f00000|  0%| F|  |TAMS 0x0000000704e00000, 0x0000000704e00000| Untracked 
|  69|0x0000000704f00000, 0x0000000704f00000, 0x0000000705000000|  0%| F|  |TAMS 0x0000000704f00000, 0x0000000704f00000| Untracked 
|  70|0x0000000705000000, 0x0000000705000000, 0x0000000705100000|  0%| F|  |TAMS 0x0000000705000000, 0x0000000705000000| Untracked 
|  71|0x0000000705100000, 0x0000000705100000, 0x0000000705200000|  0%| F|  |TAMS 0x0000000705100000, 0x0000000705100000| Untracked 
|  72|0x0000000705200000, 0x0000000705200000, 0x0000000705300000|  0%| F|  |TAMS 0x0000000705200000, 0x0000000705200000| Untracked 
|  73|0x0000000705300000, 0x0000000705300000, 0x0000000705400000|  0%| F|  |TAMS 0x0000000705300000, 0x0000000705300000| Untracked 
|  74|0x0000000705400000, 0x0000000705400000, 0x0000000705500000|  0%| F|  |TAMS 0x0000000705400000, 0x0000000705400000| Untracked 
|  75|0x0000000705500000, 0x0000000705500000, 0x0000000705600000|  0%| F|  |TAMS 0x0000000705500000, 0x0000000705500000| Untracked 
|  76|0x0000000705600000, 0x0000000705600000, 0x0000000705700000|  0%| F|  |TAMS 0x0000000705600000, 0x0000000705600000| Untracked 
|  77|0x0000000705700000, 0x0000000705700000, 0x0000000705800000|  0%| F|  |TAMS 0x0000000705700000, 0x0000000705700000| Untracked 
|  78|0x0000000705800000, 0x0000000705800000, 0x0000000705900000|  0%| F|  |TAMS 0x0000000705800000, 0x0000000705800000| Untracked 
|  79|0x0000000705900000, 0x0000000705900000, 0x0000000705a00000|  0%| F|  |TAMS 0x0000000705900000, 0x0000000705900000| Untracked 
|  80|0x0000000705a00000, 0x0000000705a00000, 0x0000000705b00000|  0%| F|  |TAMS 0x0000000705a00000, 0x0000000705a00000| Untracked 
|  81|0x0000000705b00000, 0x0000000705b00000, 0x0000000705c00000|  0%| F|  |TAMS 0x0000000705b00000, 0x0000000705b00000| Untracked 
|  82|0x0000000705c00000, 0x0000000705c00000, 0x0000000705d00000|  0%| F|  |TAMS 0x0000000705c00000, 0x0000000705c00000| Untracked 
|  83|0x0000000705d00000, 0x0000000705d00000, 0x0000000705e00000|  0%| F|  |TAMS 0x0000000705d00000, 0x0000000705d00000| Untracked 
|  84|0x0000000705e00000, 0x0000000705e00000, 0x0000000705f00000|  0%| F|  |TAMS 0x0000000705e00000, 0x0000000705e00000| Untracked 
|  85|0x0000000705f00000, 0x0000000705f00000, 0x0000000706000000|  0%| F|  |TAMS 0x0000000705f00000, 0x0000000705f00000| Untracked 
|  86|0x0000000706000000, 0x0000000706000000, 0x0000000706100000|  0%| F|  |TAMS 0x0000000706000000, 0x0000000706000000| Untracked 
|  87|0x0000000706100000, 0x0000000706100000, 0x0000000706200000|  0%| F|  |TAMS 0x0000000706100000, 0x0000000706100000| Untracked 
|  88|0x0000000706200000, 0x0000000706200000, 0x0000000706300000|  0%| F|  |TAMS 0x0000000706200000, 0x0000000706200000| Untracked 
|  89|0x0000000706300000, 0x0000000706300000, 0x0000000706400000|  0%| F|  |TAMS 0x0000000706300000, 0x0000000706300000| Untracked 
|  90|0x0000000706400000, 0x0000000706400000, 0x0000000706500000|  0%| F|  |TAMS 0x0000000706400000, 0x0000000706400000| Untracked 
|  91|0x0000000706500000, 0x0000000706500000, 0x0000000706600000|  0%| F|  |TAMS 0x0000000706500000, 0x0000000706500000| Untracked 
|  92|0x0000000706600000, 0x0000000706600000, 0x0000000706700000|  0%| F|  |TAMS 0x0000000706600000, 0x0000000706600000| Untracked 
|  93|0x0000000706700000, 0x0000000706700000, 0x0000000706800000|  0%| F|  |TAMS 0x0000000706700000, 0x0000000706700000| Untracked 
|  94|0x0000000706800000, 0x0000000706800000, 0x0000000706900000|  0%| F|  |TAMS 0x0000000706800000, 0x0000000706800000| Untracked 
|  95|0x0000000706900000, 0x0000000706900000, 0x0000000706a00000|  0%| F|  |TAMS 0x0000000706900000, 0x0000000706900000| Untracked 
|  96|0x0000000706a00000, 0x0000000706a00000, 0x0000000706b00000|  0%| F|  |TAMS 0x0000000706a00000, 0x0000000706a00000| Untracked 
|  97|0x0000000706b00000, 0x0000000706b00000, 0x0000000706c00000|  0%| F|  |TAMS 0x0000000706b00000, 0x0000000706b00000| Untracked 
|  98|0x0000000706c00000, 0x0000000706c00000, 0x0000000706d00000|  0%| F|  |TAMS 0x0000000706c00000, 0x0000000706c00000| Untracked 
|  99|0x0000000706d00000, 0x0000000706d00000, 0x0000000706e00000|  0%| F|  |TAMS 0x0000000706d00000, 0x0000000706d00000| Untracked 
| 100|0x0000000706e00000, 0x0000000706e00000, 0x0000000706f00000|  0%| F|  |TAMS 0x0000000706e00000, 0x0000000706e00000| Untracked 
| 101|0x0000000706f00000, 0x0000000706f00000, 0x0000000707000000|  0%| F|  |TAMS 0x0000000706f00000, 0x0000000706f00000| Untracked 
| 102|0x0000000707000000, 0x0000000707000000, 0x0000000707100000|  0%| F|  |TAMS 0x0000000707000000, 0x0000000707000000| Untracked 
| 103|0x0000000707100000, 0x0000000707100000, 0x0000000707200000|  0%| F|  |TAMS 0x0000000707100000, 0x0000000707100000| Untracked 
| 104|0x0000000707200000, 0x0000000707200000, 0x0000000707300000|  0%| F|  |TAMS 0x0000000707200000, 0x0000000707200000| Untracked 
| 105|0x0000000707300000, 0x0000000707300000, 0x0000000707400000|  0%| F|  |TAMS 0x0000000707300000, 0x0000000707300000| Untracked 
| 106|0x0000000707400000, 0x0000000707400000, 0x0000000707500000|  0%| F|  |TAMS 0x0000000707400000, 0x0000000707400000| Untracked 
| 107|0x0000000707500000, 0x0000000707500000, 0x0000000707600000|  0%| F|  |TAMS 0x0000000707500000, 0x0000000707500000| Untracked 
| 108|0x0000000707600000, 0x0000000707600000, 0x0000000707700000|  0%| F|  |TAMS 0x0000000707600000, 0x0000000707600000| Untracked 
| 109|0x0000000707700000, 0x0000000707700000, 0x0000000707800000|  0%| F|  |TAMS 0x0000000707700000, 0x0000000707700000| Untracked 
| 110|0x0000000707800000, 0x0000000707800000, 0x0000000707900000|  0%| F|  |TAMS 0x0000000707800000, 0x0000000707800000| Untracked 
| 111|0x0000000707900000, 0x0000000707900000, 0x0000000707a00000|  0%| F|  |TAMS 0x0000000707900000, 0x0000000707900000| Untracked 
| 112|0x0000000707a00000, 0x0000000707a00000, 0x0000000707b00000|  0%| F|  |TAMS 0x0000000707a00000, 0x0000000707a00000| Untracked 
| 113|0x0000000707b00000, 0x0000000707b00000, 0x0000000707c00000|  0%| F|  |TAMS 0x0000000707b00000, 0x0000000707b00000| Untracked 
| 114|0x0000000707c00000, 0x0000000707c00000, 0x0000000707d00000|  0%| F|  |TAMS 0x0000000707c00000, 0x0000000707c00000| Untracked 
| 115|0x0000000707d00000, 0x0000000707d00000, 0x0000000707e00000|  0%| F|  |TAMS 0x0000000707d00000, 0x0000000707d00000| Untracked 
| 116|0x0000000707e00000, 0x0000000707e00000, 0x0000000707f00000|  0%| F|  |TAMS 0x0000000707e00000, 0x0000000707e00000| Untracked 
| 117|0x0000000707f00000, 0x0000000707f00000, 0x0000000708000000|  0%| F|  |TAMS 0x0000000707f00000, 0x0000000707f00000| Untracked 
| 118|0x0000000708000000, 0x0000000708000000, 0x0000000708100000|  0%| F|  |TAMS 0x0000000708000000, 0x0000000708000000| Untracked 
| 119|0x0000000708100000, 0x0000000708100000, 0x0000000708200000|  0%| F|  |TAMS 0x0000000708100000, 0x0000000708100000| Untracked 
| 120|0x0000000708200000, 0x0000000708200000, 0x0000000708300000|  0%| F|  |TAMS 0x0000000708200000, 0x0000000708200000| Untracked 
| 121|0x0000000708300000, 0x0000000708300000, 0x0000000708400000|  0%| F|  |TAMS 0x0000000708300000, 0x0000000708300000| Untracked 
| 122|0x0000000708400000, 0x0000000708400000, 0x0000000708500000|  0%| F|  |TAMS 0x0000000708400000, 0x0000000708400000| Untracked 
| 123|0x0000000708500000, 0x0000000708500000, 0x0000000708600000|  0%| F|  |TAMS 0x0000000708500000, 0x0000000708500000| Untracked 
| 124|0x0000000708600000, 0x0000000708600000, 0x0000000708700000|  0%| F|  |TAMS 0x0000000708600000, 0x0000000708600000| Untracked 
| 125|0x0000000708700000, 0x0000000708700000, 0x0000000708800000|  0%| F|  |TAMS 0x0000000708700000, 0x0000000708700000| Untracked 
| 126|0x0000000708800000, 0x0000000708800000, 0x0000000708900000|  0%| F|  |TAMS 0x0000000708800000, 0x0000000708800000| Untracked 
| 127|0x0000000708900000, 0x0000000708900000, 0x0000000708a00000|  0%| F|  |TAMS 0x0000000708900000, 0x0000000708900000| Untracked 
| 128|0x0000000708a00000, 0x0000000708a00000, 0x0000000708b00000|  0%| F|  |TAMS 0x0000000708a00000, 0x0000000708a00000| Untracked 
| 129|0x0000000708b00000, 0x0000000708b00000, 0x0000000708c00000|  0%| F|  |TAMS 0x0000000708b00000, 0x0000000708b00000| Untracked 
| 130|0x0000000708c00000, 0x0000000708c00000, 0x0000000708d00000|  0%| F|  |TAMS 0x0000000708c00000, 0x0000000708c00000| Untracked 
| 131|0x0000000708d00000, 0x0000000708d00000, 0x0000000708e00000|  0%| F|  |TAMS 0x0000000708d00000, 0x0000000708d00000| Untracked 
| 132|0x0000000708e00000, 0x0000000708e00000, 0x0000000708f00000|  0%| F|  |TAMS 0x0000000708e00000, 0x0000000708e00000| Untracked 
| 133|0x0000000708f00000, 0x0000000708f00000, 0x0000000709000000|  0%| F|  |TAMS 0x0000000708f00000, 0x0000000708f00000| Untracked 
| 134|0x0000000709000000, 0x0000000709000000, 0x0000000709100000|  0%| F|  |TAMS 0x0000000709000000, 0x0000000709000000| Untracked 
| 135|0x0000000709100000, 0x0000000709100000, 0x0000000709200000|  0%| F|  |TAMS 0x0000000709100000, 0x0000000709100000| Untracked 
| 136|0x0000000709200000, 0x0000000709200000, 0x0000000709300000|  0%| F|  |TAMS 0x0000000709200000, 0x0000000709200000| Untracked 
| 137|0x0000000709300000, 0x0000000709300000, 0x0000000709400000|  0%| F|  |TAMS 0x0000000709300000, 0x0000000709300000| Untracked 
| 138|0x0000000709400000, 0x0000000709400000, 0x0000000709500000|  0%| F|  |TAMS 0x0000000709400000, 0x0000000709400000| Untracked 
| 139|0x0000000709500000, 0x0000000709500000, 0x0000000709600000|  0%| F|  |TAMS 0x0000000709500000, 0x0000000709500000| Untracked 
| 140|0x0000000709600000, 0x0000000709600000, 0x0000000709700000|  0%| F|  |TAMS 0x0000000709600000, 0x0000000709600000| Untracked 
| 141|0x0000000709700000, 0x0000000709700000, 0x0000000709800000|  0%| F|  |TAMS 0x0000000709700000, 0x0000000709700000| Untracked 
| 142|0x0000000709800000, 0x0000000709800000, 0x0000000709900000|  0%| F|  |TAMS 0x0000000709800000, 0x0000000709800000| Untracked 
| 143|0x0000000709900000, 0x0000000709900000, 0x0000000709a00000|  0%| F|  |TAMS 0x0000000709900000, 0x0000000709900000| Untracked 
| 144|0x0000000709a00000, 0x0000000709a00000, 0x0000000709b00000|  0%| F|  |TAMS 0x0000000709a00000, 0x0000000709a00000| Untracked 
| 145|0x0000000709b00000, 0x0000000709b00000, 0x0000000709c00000|  0%| F|  |TAMS 0x0000000709b00000, 0x0000000709b00000| Untracked 
| 146|0x0000000709c00000, 0x0000000709c00000, 0x0000000709d00000|  0%| F|  |TAMS 0x0000000709c00000, 0x0000000709c00000| Untracked 
| 147|0x0000000709d00000, 0x0000000709d00000, 0x0000000709e00000|  0%| F|  |TAMS 0x0000000709d00000, 0x0000000709d00000| Untracked 
| 148|0x0000000709e00000, 0x0000000709e00000, 0x0000000709f00000|  0%| F|  |TAMS 0x0000000709e00000, 0x0000000709e00000| Untracked 
| 149|0x0000000709f00000, 0x0000000709f00000, 0x000000070a000000|  0%| F|  |TAMS 0x0000000709f00000, 0x0000000709f00000| Untracked 
| 150|0x000000070a000000, 0x000000070a000000, 0x000000070a100000|  0%| F|  |TAMS 0x000000070a000000, 0x000000070a000000| Untracked 
| 151|0x000000070a100000, 0x000000070a100000, 0x000000070a200000|  0%| F|  |TAMS 0x000000070a100000, 0x000000070a100000| Untracked 
| 152|0x000000070a200000, 0x000000070a200000, 0x000000070a300000|  0%| F|  |TAMS 0x000000070a200000, 0x000000070a200000| Untracked 
| 153|0x000000070a300000, 0x000000070a300000, 0x000000070a400000|  0%| F|  |TAMS 0x000000070a300000, 0x000000070a300000| Untracked 
| 154|0x000000070a400000, 0x000000070a400000, 0x000000070a500000|  0%| F|  |TAMS 0x000000070a400000, 0x000000070a400000| Untracked 
| 155|0x000000070a500000, 0x000000070a500000, 0x000000070a600000|  0%| F|  |TAMS 0x000000070a500000, 0x000000070a500000| Untracked 
| 156|0x000000070a600000, 0x000000070a600000, 0x000000070a700000|  0%| F|  |TAMS 0x000000070a600000, 0x000000070a600000| Untracked 
| 157|0x000000070a700000, 0x000000070a700000, 0x000000070a800000|  0%| F|  |TAMS 0x000000070a700000, 0x000000070a700000| Untracked 
| 158|0x000000070a800000, 0x000000070a800000, 0x000000070a900000|  0%| F|  |TAMS 0x000000070a800000, 0x000000070a800000| Untracked 
| 159|0x000000070a900000, 0x000000070a900000, 0x000000070aa00000|  0%| F|  |TAMS 0x000000070a900000, 0x000000070a900000| Untracked 
| 160|0x000000070aa00000, 0x000000070aa00000, 0x000000070ab00000|  0%| F|  |TAMS 0x000000070aa00000, 0x000000070aa00000| Untracked 
| 161|0x000000070ab00000, 0x000000070ab00000, 0x000000070ac00000|  0%| F|  |TAMS 0x000000070ab00000, 0x000000070ab00000| Untracked 
| 162|0x000000070ac00000, 0x000000070ac00000, 0x000000070ad00000|  0%| F|  |TAMS 0x000000070ac00000, 0x000000070ac00000| Untracked 
| 163|0x000000070ad00000, 0x000000070ad00000, 0x000000070ae00000|  0%| F|  |TAMS 0x000000070ad00000, 0x000000070ad00000| Untracked 
| 164|0x000000070ae00000, 0x000000070ae00000, 0x000000070af00000|  0%| F|  |TAMS 0x000000070ae00000, 0x000000070ae00000| Untracked 
| 165|0x000000070af00000, 0x000000070af00000, 0x000000070b000000|  0%| F|  |TAMS 0x000000070af00000, 0x000000070af00000| Untracked 
| 166|0x000000070b000000, 0x000000070b000000, 0x000000070b100000|  0%| F|  |TAMS 0x000000070b000000, 0x000000070b000000| Untracked 
| 167|0x000000070b100000, 0x000000070b100000, 0x000000070b200000|  0%| F|  |TAMS 0x000000070b100000, 0x000000070b100000| Untracked 
| 168|0x000000070b200000, 0x000000070b200000, 0x000000070b300000|  0%| F|  |TAMS 0x000000070b200000, 0x000000070b200000| Untracked 
| 169|0x000000070b300000, 0x000000070b300000, 0x000000070b400000|  0%| F|  |TAMS 0x000000070b300000, 0x000000070b300000| Untracked 
| 170|0x000000070b400000, 0x000000070b400000, 0x000000070b500000|  0%| F|  |TAMS 0x000000070b400000, 0x000000070b400000| Untracked 
| 171|0x000000070b500000, 0x000000070b500000, 0x000000070b600000|  0%| F|  |TAMS 0x000000070b500000, 0x000000070b500000| Untracked 
| 172|0x000000070b600000, 0x000000070b600000, 0x000000070b700000|  0%| F|  |TAMS 0x000000070b600000, 0x000000070b600000| Untracked 
| 173|0x000000070b700000, 0x000000070b700000, 0x000000070b800000|  0%| F|  |TAMS 0x000000070b700000, 0x000000070b700000| Untracked 
| 174|0x000000070b800000, 0x000000070b800000, 0x000000070b900000|  0%| F|  |TAMS 0x000000070b800000, 0x000000070b800000| Untracked 
| 175|0x000000070b900000, 0x000000070b900000, 0x000000070ba00000|  0%| F|  |TAMS 0x000000070b900000, 0x000000070b900000| Untracked 
| 176|0x000000070ba00000, 0x000000070ba00000, 0x000000070bb00000|  0%| F|  |TAMS 0x000000070ba00000, 0x000000070ba00000| Untracked 
| 177|0x000000070bb00000, 0x000000070bb00000, 0x000000070bc00000|  0%| F|  |TAMS 0x000000070bb00000, 0x000000070bb00000| Untracked 
| 178|0x000000070bc00000, 0x000000070bc00000, 0x000000070bd00000|  0%| F|  |TAMS 0x000000070bc00000, 0x000000070bc00000| Untracked 
| 179|0x000000070bd00000, 0x000000070bd00000, 0x000000070be00000|  0%| F|  |TAMS 0x000000070bd00000, 0x000000070bd00000| Untracked 
| 180|0x000000070be00000, 0x000000070be00000, 0x000000070bf00000|  0%| F|  |TAMS 0x000000070be00000, 0x000000070be00000| Untracked 
| 181|0x000000070bf00000, 0x000000070bf00000, 0x000000070c000000|  0%| F|  |TAMS 0x000000070bf00000, 0x000000070bf00000| Untracked 
| 182|0x000000070c000000, 0x000000070c000000, 0x000000070c100000|  0%| F|  |TAMS 0x000000070c000000, 0x000000070c000000| Untracked 
| 183|0x000000070c100000, 0x000000070c100000, 0x000000070c200000|  0%| F|  |TAMS 0x000000070c100000, 0x000000070c100000| Untracked 
| 184|0x000000070c200000, 0x000000070c200000, 0x000000070c300000|  0%| F|  |TAMS 0x000000070c200000, 0x000000070c200000| Untracked 
| 185|0x000000070c300000, 0x000000070c300000, 0x000000070c400000|  0%| F|  |TAMS 0x000000070c300000, 0x000000070c300000| Untracked 
| 186|0x000000070c400000, 0x000000070c400000, 0x000000070c500000|  0%| F|  |TAMS 0x000000070c400000, 0x000000070c400000| Untracked 
| 187|0x000000070c500000, 0x000000070c500000, 0x000000070c600000|  0%| F|  |TAMS 0x000000070c500000, 0x000000070c500000| Untracked 
| 188|0x000000070c600000, 0x000000070c600000, 0x000000070c700000|  0%| F|  |TAMS 0x000000070c600000, 0x000000070c600000| Untracked 
| 189|0x000000070c700000, 0x000000070c700000, 0x000000070c800000|  0%| F|  |TAMS 0x000000070c700000, 0x000000070c700000| Untracked 
| 190|0x000000070c800000, 0x000000070c800000, 0x000000070c900000|  0%| F|  |TAMS 0x000000070c800000, 0x000000070c800000| Untracked 
| 191|0x000000070c900000, 0x000000070c900000, 0x000000070ca00000|  0%| F|  |TAMS 0x000000070c900000, 0x000000070c900000| Untracked 
| 192|0x000000070ca00000, 0x000000070ca00000, 0x000000070cb00000|  0%| F|  |TAMS 0x000000070ca00000, 0x000000070ca00000| Untracked 
| 193|0x000000070cb00000, 0x000000070cb00000, 0x000000070cc00000|  0%| F|  |TAMS 0x000000070cb00000, 0x000000070cb00000| Untracked 
| 194|0x000000070cc00000, 0x000000070cc00000, 0x000000070cd00000|  0%| F|  |TAMS 0x000000070cc00000, 0x000000070cc00000| Untracked 
| 195|0x000000070cd00000, 0x000000070cd00000, 0x000000070ce00000|  0%| F|  |TAMS 0x000000070cd00000, 0x000000070cd00000| Untracked 
| 196|0x000000070ce00000, 0x000000070ce00000, 0x000000070cf00000|  0%| F|  |TAMS 0x000000070ce00000, 0x000000070ce00000| Untracked 
| 197|0x000000070cf00000, 0x000000070cf00000, 0x000000070d000000|  0%| F|  |TAMS 0x000000070cf00000, 0x000000070cf00000| Untracked 
| 198|0x000000070d000000, 0x000000070d000000, 0x000000070d100000|  0%| F|  |TAMS 0x000000070d000000, 0x000000070d000000| Untracked 
| 199|0x000000070d100000, 0x000000070d100000, 0x000000070d200000|  0%| F|  |TAMS 0x000000070d100000, 0x000000070d100000| Untracked 
| 200|0x000000070d200000, 0x000000070d200000, 0x000000070d300000|  0%| F|  |TAMS 0x000000070d200000, 0x000000070d200000| Untracked 
| 201|0x000000070d300000, 0x000000070d300000, 0x000000070d400000|  0%| F|  |TAMS 0x000000070d300000, 0x000000070d300000| Untracked 
| 202|0x000000070d400000, 0x000000070d400000, 0x000000070d500000|  0%| F|  |TAMS 0x000000070d400000, 0x000000070d400000| Untracked 
| 203|0x000000070d500000, 0x000000070d500000, 0x000000070d600000|  0%| F|  |TAMS 0x000000070d500000, 0x000000070d500000| Untracked 
| 204|0x000000070d600000, 0x000000070d600000, 0x000000070d700000|  0%| F|  |TAMS 0x000000070d600000, 0x000000070d600000| Untracked 
| 205|0x000000070d700000, 0x000000070d700000, 0x000000070d800000|  0%| F|  |TAMS 0x000000070d700000, 0x000000070d700000| Untracked 
| 206|0x000000070d800000, 0x000000070d800000, 0x000000070d900000|  0%| F|  |TAMS 0x000000070d800000, 0x000000070d800000| Untracked 
| 207|0x000000070d900000, 0x000000070d900000, 0x000000070da00000|  0%| F|  |TAMS 0x000000070d900000, 0x000000070d900000| Untracked 
| 208|0x000000070da00000, 0x000000070da00000, 0x000000070db00000|  0%| F|  |TAMS 0x000000070da00000, 0x000000070da00000| Untracked 
| 209|0x000000070db00000, 0x000000070db00000, 0x000000070dc00000|  0%| F|  |TAMS 0x000000070db00000, 0x000000070db00000| Untracked 
| 210|0x000000070dc00000, 0x000000070dc80800, 0x000000070dd00000| 50%| E|  |TAMS 0x000000070dc00000, 0x000000070dc00000| Complete 
| 211|0x000000070dd00000, 0x000000070de00000, 0x000000070de00000|100%| E|CS|TAMS 0x000000070dd00000, 0x000000070dd00000| Complete 
| 212|0x000000070de00000, 0x000000070df00000, 0x000000070df00000|100%| E|CS|TAMS 0x000000070de00000, 0x000000070de00000| Complete 
| 213|0x000000070df00000, 0x000000070e000000, 0x000000070e000000|100%| E|CS|TAMS 0x000000070df00000, 0x000000070df00000| Complete 
| 214|0x000000070e000000, 0x000000070e100000, 0x000000070e100000|100%| E|CS|TAMS 0x000000070e000000, 0x000000070e000000| Complete 
| 215|0x000000070e100000, 0x000000070e200000, 0x000000070e200000|100%| E|CS|TAMS 0x000000070e100000, 0x000000070e100000| Complete 
| 216|0x000000070e200000, 0x000000070e300000, 0x000000070e300000|100%| E|CS|TAMS 0x000000070e200000, 0x000000070e200000| Complete 
| 217|0x000000070e300000, 0x000000070e400000, 0x000000070e400000|100%| E|CS|TAMS 0x000000070e300000, 0x000000070e300000| Complete 
| 218|0x000000070e400000, 0x000000070e500000, 0x000000070e500000|100%| E|CS|TAMS 0x000000070e400000, 0x000000070e400000| Complete 
| 219|0x000000070e500000, 0x000000070e600000, 0x000000070e600000|100%| E|CS|TAMS 0x000000070e500000, 0x000000070e500000| Complete 
| 220|0x000000070e600000, 0x000000070e700000, 0x000000070e700000|100%| E|CS|TAMS 0x000000070e600000, 0x000000070e600000| Complete 
| 221|0x000000070e700000, 0x000000070e800000, 0x000000070e800000|100%| E|CS|TAMS 0x000000070e700000, 0x000000070e700000| Complete 
| 222|0x000000070e800000, 0x000000070e900000, 0x000000070e900000|100%| E|CS|TAMS 0x000000070e800000, 0x000000070e800000| Complete 
| 223|0x000000070e900000, 0x000000070ea00000, 0x000000070ea00000|100%| E|CS|TAMS 0x000000070e900000, 0x000000070e900000| Complete 
| 224|0x000000070ea00000, 0x000000070eb00000, 0x000000070eb00000|100%| E|CS|TAMS 0x000000070ea00000, 0x000000070ea00000| Complete 
| 225|0x000000070eb00000, 0x000000070ec00000, 0x000000070ec00000|100%| E|CS|TAMS 0x000000070eb00000, 0x000000070eb00000| Complete 
| 226|0x000000070ec00000, 0x000000070ed00000, 0x000000070ed00000|100%| E|CS|TAMS 0x000000070ec00000, 0x000000070ec00000| Complete 
| 227|0x000000070ed00000, 0x000000070ee00000, 0x000000070ee00000|100%| E|CS|TAMS 0x000000070ed00000, 0x000000070ed00000| Complete 
| 228|0x000000070ee00000, 0x000000070ef00000, 0x000000070ef00000|100%| E|CS|TAMS 0x000000070ee00000, 0x000000070ee00000| Complete 
| 229|0x000000070ef00000, 0x000000070f000000, 0x000000070f000000|100%| E|CS|TAMS 0x000000070ef00000, 0x000000070ef00000| Complete 
| 230|0x000000070f000000, 0x000000070f100000, 0x000000070f100000|100%| E|CS|TAMS 0x000000070f000000, 0x000000070f000000| Complete 
| 231|0x000000070f100000, 0x000000070f200000, 0x000000070f200000|100%| E|CS|TAMS 0x000000070f100000, 0x000000070f100000| Complete 
| 232|0x000000070f200000, 0x000000070f300000, 0x000000070f300000|100%| E|CS|TAMS 0x000000070f200000, 0x000000070f200000| Complete 
| 233|0x000000070f300000, 0x000000070f400000, 0x000000070f400000|100%| E|CS|TAMS 0x000000070f300000, 0x000000070f300000| Complete 
| 234|0x000000070f400000, 0x000000070f500000, 0x000000070f500000|100%| E|CS|TAMS 0x000000070f400000, 0x000000070f400000| Complete 
| 235|0x000000070f500000, 0x000000070f600000, 0x000000070f600000|100%| E|CS|TAMS 0x000000070f500000, 0x000000070f500000| Complete 
| 236|0x000000070f600000, 0x000000070f700000, 0x000000070f700000|100%| E|CS|TAMS 0x000000070f600000, 0x000000070f600000| Complete 
| 237|0x000000070f700000, 0x000000070f800000, 0x000000070f800000|100%| E|CS|TAMS 0x000000070f700000, 0x000000070f700000| Complete 
| 238|0x000000070f800000, 0x000000070f900000, 0x000000070f900000|100%| E|CS|TAMS 0x000000070f800000, 0x000000070f800000| Complete 
| 239|0x000000070f900000, 0x000000070fa00000, 0x000000070fa00000|100%| E|CS|TAMS 0x000000070f900000, 0x000000070f900000| Complete 
| 240|0x000000070fa00000, 0x000000070fb00000, 0x000000070fb00000|100%| S|CS|TAMS 0x000000070fa00000, 0x000000070fa00000| Complete 
| 241|0x000000070fb00000, 0x000000070fc00000, 0x000000070fc00000|100%| S|CS|TAMS 0x000000070fb00000, 0x000000070fb00000| Complete 
| 242|0x000000070fc00000, 0x000000070fd00000, 0x000000070fd00000|100%| E|CS|TAMS 0x000000070fc00000, 0x000000070fc00000| Complete 
| 243|0x000000070fd00000, 0x000000070fe00000, 0x000000070fe00000|100%| E|CS|TAMS 0x000000070fd00000, 0x000000070fd00000| Complete 
| 244|0x000000070fe00000, 0x000000070ff00000, 0x000000070ff00000|100%| E|CS|TAMS 0x000000070fe00000, 0x000000070fe00000| Complete 
| 245|0x000000070ff00000, 0x0000000710000000, 0x0000000710000000|100%| E|CS|TAMS 0x000000070ff00000, 0x000000070ff00000| Complete 
| 246|0x0000000710000000, 0x0000000710100000, 0x0000000710100000|100%| E|CS|TAMS 0x0000000710000000, 0x0000000710000000| Complete 
| 247|0x0000000710100000, 0x0000000710200000, 0x0000000710200000|100%| E|CS|TAMS 0x0000000710100000, 0x0000000710100000| Complete 
| 248|0x0000000710200000, 0x0000000710300000, 0x0000000710300000|100%| E|CS|TAMS 0x0000000710200000, 0x0000000710200000| Complete 
| 249|0x0000000710300000, 0x0000000710400000, 0x0000000710400000|100%| E|CS|TAMS 0x0000000710300000, 0x0000000710300000| Complete 
| 250|0x0000000710400000, 0x0000000710500000, 0x0000000710500000|100%| E|CS|TAMS 0x0000000710400000, 0x0000000710400000| Complete 
| 251|0x0000000710500000, 0x0000000710600000, 0x0000000710600000|100%| E|CS|TAMS 0x0000000710500000, 0x0000000710500000| Complete 
| 252|0x0000000710600000, 0x0000000710700000, 0x0000000710700000|100%| E|CS|TAMS 0x0000000710600000, 0x0000000710600000| Complete 
| 253|0x0000000710700000, 0x0000000710800000, 0x0000000710800000|100%| E|CS|TAMS 0x0000000710700000, 0x0000000710700000| Complete 
| 254|0x0000000710800000, 0x0000000710900000, 0x0000000710900000|100%| E|CS|TAMS 0x0000000710800000, 0x0000000710800000| Complete 
| 255|0x0000000710900000, 0x0000000710a00000, 0x0000000710a00000|100%| E|CS|TAMS 0x0000000710900000, 0x0000000710900000| Complete 

Card table byte_map: [0x00000213c9580000,0x00000213c9d80000] _byte_map_base: 0x00000213c5d7b000

Marking Bits (Prev, Next): (CMBitMap*) 0x00000213b18fdef8, (CMBitMap*) 0x00000213b18fdf38
 Prev Bits: [0x00000213ca580000, 0x00000213ce558000)
 Next Bits: [0x00000213ce560000, 0x00000213d2538000)

Polling page: 0x00000213b1050000

Metaspace:

Usage:
  Non-class:     11.72 MB capacity,    11.33 MB ( 97%) used,   332.59 KB (  3%) free+waste,    64.75 KB ( <1%) overhead. 
      Class:      1.93 MB capacity,     1.69 MB ( 87%) used,   212.34 KB ( 11%) free+waste,    34.88 KB (  2%) overhead. 
       Both:     13.65 MB capacity,    13.02 MB ( 95%) used,   544.94 KB (  4%) free+waste,    99.63 KB ( <1%) overhead. 

Virtual space:
  Non-class space:       12.00 MB reserved,      11.75 MB ( 98%) committed 
      Class space:        1.00 GB reserved,       2.00 MB ( <1%) committed 
             Both:        1.01 GB reserved,      13.75 MB (  1%) committed 

Chunk freelists:
   Non-Class:  31.00 KB
       Class:  8.00 KB
        Both:  39.00 KB

MaxMetaspaceSize: 17179869184.00 GB
CompressedClassSpaceSize: 1.00 GB

CodeHeap 'non-profiled nmethods': size=120000Kb used=729Kb max_used=729Kb free=119270Kb
 bounds [0x00000213c1850000, 0x00000213c1ac0000, 0x00000213c8d80000]
CodeHeap 'profiled nmethods': size=120000Kb used=4015Kb max_used=4015Kb free=115984Kb
 bounds [0x00000213ba320000, 0x00000213ba710000, 0x00000213c1850000]
CodeHeap 'non-nmethods': size=5760Kb used=1233Kb max_used=1270Kb free=4526Kb
 bounds [0x00000213b9d80000, 0x00000213b9ff0000, 0x00000213ba320000]
 total_blobs=3127 nmethods=1908 adapters=403
 compilation: enabled
              stopped_count=0, restarted_count=0
 full_count=0

Compilation events (20 events):
Event: 7.715 Thread 0x00000213d5497000 1901       3       java.lang.reflect.ProxyGenerator::code_ldc (64 bytes)
Event: 7.716 Thread 0x00000213d5497000 nmethod 1901 0x00000213ba706710 code [0x00000213ba706960, 0x00000213ba707410]
Event: 7.716 Thread 0x00000213d5497000 1902       3       java.lang.reflect.ProxyGenerator::code_ipush (90 bytes)
Event: 7.717 Thread 0x00000213d5497000 nmethod 1902 0x00000213ba707790 code [0x00000213ba707a20, 0x00000213ba708910]
Event: 7.717 Thread 0x00000213d5497000 1903       3       java.util.Objects::hashCode (13 bytes)
Event: 7.717 Thread 0x00000213d5497000 nmethod 1903 0x00000213ba708d10 code [0x00000213ba708ec0, 0x00000213ba709130]
Event: 7.718 Thread 0x00000213d5497000 1904       3       java.lang.PublicMethods$MethodList::filter (104 bytes)
Event: 7.719 Thread 0x00000213d5497000 nmethod 1904 0x00000213ba709210 code [0x00000213ba709480, 0x00000213ba70a0c0]
Event: 7.722 Thread 0x00000213d5497000 1905       1       java.lang.Class::getAnnotationType (5 bytes)
Event: 7.722 Thread 0x00000213d5497000 nmethod 1905 0x00000213c1904510 code [0x00000213c19046a0, 0x00000213c19047d8]
Event: 7.724 Thread 0x00000213d5497000 1906       3       jdk.internal.reflect.AccessorGenerator::sub (5 bytes)
Event: 7.725 Thread 0x00000213d5497000 nmethod 1906 0x00000213ba70a610 code [0x00000213ba70a7a0, 0x00000213ba70a8f8]
Event: 7.725 Thread 0x00000213d5497000 1907       3       jdk.internal.reflect.ClassFileAssembler::setStack (25 bytes)
Event: 7.725 Thread 0x00000213d5497000 nmethod 1907 0x00000213ba70a990 code [0x00000213ba70ab40, 0x00000213ba70acf8]
Event: 7.725 Thread 0x00000213d5497000 1908       1       java.util.Formatter$FixedString::index (3 bytes)
Event: 7.725 Thread 0x00000213d5497000 nmethod 1908 0x00000213c1904890 code [0x00000213c1904a20, 0x00000213c1904b58]
Event: 7.726 Thread 0x00000213d5497000 1909       3       java.net.URI$Parser::scan (76 bytes)
Event: 7.727 Thread 0x00000213d5497000 nmethod 1909 0x00000213ba70ad90 code [0x00000213ba70afe0, 0x00000213ba70b900]
Event: 7.741 Thread 0x00000213d5496000 nmethod 1898 0x00000213c1904c10 code [0x00000213c1904e20, 0x00000213c1905df8]
Event: 7.741 Thread 0x00000213d5496000 1899       4       java.io.DataOutputStream::writeShort (35 bytes)

GC Heap History (2 events):
Event: 0.747 GC heap before
{Heap before GC invocations=0 (full 0):
 garbage-first heap   total 262144K, used 13312K [0x0000000700a00000, 0x0000000800000000)
  region size 1024K, 14 young (14336K), 0 survivors (0K)
 Metaspace       used 1494K, capacity 4829K, committed 4864K, reserved 1056768K
  class space    used 150K, capacity 484K, committed 512K, reserved 1048576K
}
Event: 0.759 GC heap after
{Heap after GC invocations=1 (full 0):
 garbage-first heap   total 262144K, used 4095K [0x0000000700a00000, 0x0000000800000000)
  region size 1024K, 2 young (2048K), 2 survivors (2048K)
 Metaspace       used 1494K, capacity 4829K, committed 4864K, reserved 1056768K
  class space    used 150K, capacity 484K, committed 512K, reserved 1048576K
}

Deoptimization events (20 events):
Event: 3.892 Thread 0x00000213b1894000 Uncommon trap: trap_request=0xffffff45 fr.pc=0x00000213c18e5084 relative=0x00000000000001c4
Event: 3.892 Thread 0x00000213b1894000 Uncommon trap: reason=unstable_if action=reinterpret pc=0x00000213c18e5084 method=java.util.regex.Pattern$BmpCharProperty.match(Ljava/util/regex/Matcher;ILjava/lang/CharSequence;)Z @ 39 c2
Event: 3.892 Thread 0x00000213b1894000 DEOPT PACKING pc=0x00000213c18e5084 sp=0x000000526a1fcb50
Event: 3.892 Thread 0x00000213b1894000 DEOPT UNPACKING pc=0x00000213b9dc912f sp=0x000000526a1fcb00 mode 2
Event: 5.305 Thread 0x00000213b1894000 Uncommon trap: trap_request=0xffffffde fr.pc=0x00000213c18ed4a4 relative=0x00000000000004c4
Event: 5.305 Thread 0x00000213b1894000 Uncommon trap: reason=class_check action=maybe_recompile pc=0x00000213c18ed4a4 method=org.openqa.selenium.json.Input.init()V @ 18 c2
Event: 5.305 Thread 0x00000213b1894000 DEOPT PACKING pc=0x00000213c18ed4a4 sp=0x000000526a1fc940
Event: 5.305 Thread 0x00000213b1894000 DEOPT UNPACKING pc=0x00000213b9dc912f sp=0x000000526a1fc918 mode 2
Event: 5.305 Thread 0x00000213b1894000 Uncommon trap: trap_request=0xffffffde fr.pc=0x00000213c18ed4a4 relative=0x00000000000004c4
Event: 5.305 Thread 0x00000213b1894000 Uncommon trap: reason=class_check action=maybe_recompile pc=0x00000213c18ed4a4 method=org.openqa.selenium.json.Input.init()V @ 18 c2
Event: 5.305 Thread 0x00000213b1894000 DEOPT PACKING pc=0x00000213c18ed4a4 sp=0x000000526a1fc4b0
Event: 5.305 Thread 0x00000213b1894000 DEOPT UNPACKING pc=0x00000213b9dc912f sp=0x000000526a1fc488 mode 2
Event: 5.305 Thread 0x00000213b1894000 Uncommon trap: trap_request=0xffffffde fr.pc=0x00000213c18ed4a4 relative=0x00000000000004c4
Event: 5.305 Thread 0x00000213b1894000 Uncommon trap: reason=class_check action=maybe_recompile pc=0x00000213c18ed4a4 method=org.openqa.selenium.json.Input.init()V @ 18 c2
Event: 5.305 Thread 0x00000213b1894000 DEOPT PACKING pc=0x00000213c18ed4a4 sp=0x000000526a1fbef0
Event: 5.305 Thread 0x00000213b1894000 DEOPT UNPACKING pc=0x00000213b9dc912f sp=0x000000526a1fbec8 mode 2
Event: 5.305 Thread 0x00000213b1894000 Uncommon trap: trap_request=0xffffffde fr.pc=0x00000213c18ed4a4 relative=0x00000000000004c4
Event: 5.305 Thread 0x00000213b1894000 Uncommon trap: reason=class_check action=maybe_recompile pc=0x00000213c18ed4a4 method=org.openqa.selenium.json.Input.init()V @ 18 c2
Event: 5.305 Thread 0x00000213b1894000 DEOPT PACKING pc=0x00000213c18ed4a4 sp=0x000000526a1fbef0
Event: 5.305 Thread 0x00000213b1894000 DEOPT UNPACKING pc=0x00000213b9dc912f sp=0x000000526a1fbec8 mode 2

Classes unloaded (0 events):
No events

Classes redefined (0 events):
No events

Internal exceptions (20 events):
Event: 2.244 Thread 0x00000213b1894000 Exception <a 'java/lang/NoSuchMethodError'{0x000000070fcdf088}: 'java.lang.Object java.lang.invoke.DirectMethodHandle$Holder.invokeStaticInit(java.lang.Object, java.lang.Object, int, int, int, int)'> (0x000000070fcdf088) 
thrown [t:/workspace/open/src/hotspot/share/interpreter/linkResolver.cpp, line 767]
Event: 2.341 Thread 0x00000213b1894000 Exception <a 'java/net/SocketException'{0x000000070f8b5f08}: Socket is not connected: shutdown> (0x000000070f8b5f08) 
thrown [t:/workspace/open/src/hotspot/share/prims/jni.cpp, line 619]
Event: 2.671 Thread 0x00000213b1894000 Exception <a 'sun/nio/fs/WindowsException'{0x000000070f054aa8}> (0x000000070f054aa8) 
thrown [t:/workspace/open/src/hotspot/share/prims/jni.cpp, line 598]
Event: 2.680 Thread 0x00000213b1894000 Exception <a 'java/lang/NoSuchMethodError'{0x000000070f0726f0}: 'int java.lang.invoke.DirectMethodHandle$Holder.invokeStaticInit(java.lang.Object, java.lang.Object, java.lang.Object, java.lang.Object)'> (0x000000070f0726f0) 
thrown [t:/workspace/open/src/hotspot/share/interpreter/linkResolver.cpp, line 767]
Event: 2.682 Thread 0x00000213b1894000 Exception <a 'java/lang/NoSuchMethodError'{0x000000070f07d688}: 'void java.lang.invoke.DirectMethodHandle$Holder.invokeStaticInit(java.lang.Object, java.lang.Object)'> (0x000000070f07d688) 
thrown [t:/workspace/open/src/hotspot/share/interpreter/linkResolver.cpp, line 767]
Event: 2.965 Thread 0x00000213d6451000 Exception <a 'java/lang/NoSuchMethodError'{0x000000070ec94f48}: 'void java.lang.invoke.DirectMethodHandle$Holder.invokeStatic(java.lang.Object, long)'> (0x000000070ec94f48) 
thrown [t:/workspace/open/src/hotspot/share/interpreter/linkResolver.cpp, line 767]
Event: 2.968 Thread 0x00000213d6451000 Exception <a 'java/lang/NoSuchMethodError'{0x000000070ec9eec8}: 'java.lang.Object java.lang.invoke.DirectMethodHandle$Holder.invokeStaticInit(java.lang.Object, java.lang.Object, long, java.lang.Object)'> (0x000000070ec9eec8) 
thrown [t:/workspace/open/src/hotspot/share/interpreter/linkResolver.cpp, line 767]
Event: 2.969 Thread 0x00000213d6451000 Exception <a 'java/lang/NoSuchMethodError'{0x000000070eca4320}: 'java.lang.Object java.lang.invoke.Invokers$Holder.linkToTargetMethod(java.lang.Object, long, java.lang.Object)'> (0x000000070eca4320) 
thrown [t:/workspace/open/src/hotspot/share/interpreter/linkResolver.cpp, line 767]
Event: 3.460 Thread 0x00000213d64c4800 Exception <a 'java/net/SocketException'{0x000000070eb080c0}: Socket is not connected: shutdown> (0x000000070eb080c0) 
thrown [t:/workspace/open/src/hotspot/share/prims/jni.cpp, line 619]
Event: 3.498 Thread 0x00000213b1894000 Exception <a 'java/lang/NoSuchMethodError'{0x000000070ea67c10}: 'java.lang.Object java.lang.invoke.DirectMethodHandle$Holder.invokeInterface(java.lang.Object, java.lang.Object, java.lang.Object)'> (0x000000070ea67c10) 
thrown [t:/workspace/open/src/hotspot/share/interpreter/linkResolver.cpp, line 767]
Event: 3.498 Thread 0x00000213b1894000 Exception <a 'java/lang/IncompatibleClassChangeError'{0x000000070ea6aaa0}: Found class java.lang.Object, but interface was expected> (0x000000070ea6aaa0) 
thrown [t:/workspace/open/src/hotspot/share/interpreter/linkResolver.cpp, line 833]
Event: 3.500 Thread 0x00000213b1894000 Exception <a 'java/lang/NoSuchMethodError'{0x000000070ea727e0}: 'int java.lang.invoke.DirectMethodHandle$Holder.invokeSpecialIFC(java.lang.Object, java.lang.Object, java.lang.Object, java.lang.Object)'> (0x000000070ea727e0) 
thrown [t:/workspace/open/src/hotspot/share/interpreter/linkResolver.cpp, line 767]
Event: 3.502 Thread 0x00000213b1894000 Exception <a 'java/lang/NoSuchMethodError'{0x000000070ea7a4b8}: 'java.lang.Object java.lang.invoke.DirectMethodHandle$Holder.invokeInterface(java.lang.Object, java.lang.Object, java.lang.Object, java.lang.Object)'> (0x000000070ea7a4b8) 
thrown [t:/workspace/open/src/hotspot/share/interpreter/linkResolver.cpp, line 767]
Event: 3.510 Thread 0x00000213b1894000 Exception <a 'java/lang/NoSuchMethodError'{0x000000070ea9ec10}: 'java.lang.Object java.lang.invoke.DirectMethodHandle$Holder.invokeVirtual(java.lang.Object, java.lang.Object, java.lang.Object)'> (0x000000070ea9ec10) 
thrown [t:/workspace/open/src/hotspot/share/interpreter/linkResolver.cpp, line 767]
Event: 3.547 Thread 0x00000213b1894000 Exception <a 'java/lang/NoSuchMethodError'{0x000000070e992778}: 'double java.lang.invoke.DirectMethodHandle$Holder.invokeVirtual(java.lang.Object, java.lang.Object)'> (0x000000070e992778) 
thrown [t:/workspace/open/src/hotspot/share/interpreter/linkResolver.cpp, line 767]
Event: 3.548 Thread 0x00000213b1894000 Exception <a 'java/lang/NoSuchMethodError'{0x000000070e998048}: 'float java.lang.invoke.DirectMethodHandle$Holder.invokeVirtual(java.lang.Object, java.lang.Object)'> (0x000000070e998048) 
thrown [t:/workspace/open/src/hotspot/share/interpreter/linkResolver.cpp, line 767]
Event: 3.549 Thread 0x00000213b1894000 Exception <a 'java/lang/NoSuchMethodError'{0x000000070e99fcb8}: 'long java.lang.invoke.DirectMethodHandle$Holder.invokeVirtual(java.lang.Object, java.lang.Object)'> (0x000000070e99fcb8) 
thrown [t:/workspace/open/src/hotspot/share/interpreter/linkResolver.cpp, line 767]
Event: 3.735 Thread 0x00000213b1894000 Exception <a 'java/lang/NoSuchMethodError'{0x000000070e5531d8}: 'void java.lang.invoke.DirectMethodHandle$Holder.invokeStatic(java.lang.Object, java.lang.Object, java.lang.Object, java.lang.Object, java.lang.Object)'> (0x000000070e5531d8) 
thrown [t:/workspace/open/src/hotspot/share/interpreter/linkResolver.cpp, line 767]
Event: 3.915 Thread 0x00000213b1894000 Exception <a 'java/lang/NoSuchMethodError'{0x000000070e15f1b0}: 'void java.lang.invoke.DirectMethodHandle$Holder.invokeStatic(java.lang.Object, java.lang.Object, java.lang.Object, java.lang.Object)'> (0x000000070e15f1b0) 
thrown [t:/workspace/open/src/hotspot/share/interpreter/linkResolver.cpp, line 767]
Event: 5.313 Thread 0x00000213b1894000 Exception <a 'java/lang/NoSuchMethodError'{0x000000070df3a820}: 'java.lang.Object java.lang.invoke.DirectMethodHandle$Holder.invokeSpecialIFC(java.lang.Object, java.lang.Object, java.lang.Object)'> (0x000000070df3a820) 
thrown [t:/workspace/open/src/hotspot/share/interpreter/linkResolver.cpp, line 767]

Events (20 events):
Event: 7.705 loading class org/openqa/selenium/OutputType$1
Event: 7.705 loading class org/openqa/selenium/OutputType$1 done
Event: 7.706 loading class org/openqa/selenium/OutputType$2
Event: 7.706 loading class org/openqa/selenium/OutputType$2 done
Event: 7.706 loading class org/openqa/selenium/OutputType$3
Event: 7.706 loading class org/openqa/selenium/OutputType$3 done
Event: 7.707 loading class jdk/internal/reflect/UnsafeFieldAccessorFactory
Event: 7.707 loading class jdk/internal/reflect/UnsafeFieldAccessorFactory done
Event: 7.707 loading class jdk/internal/reflect/UnsafeObjectFieldAccessorImpl
Event: 7.708 loading class jdk/internal/reflect/UnsafeObjectFieldAccessorImpl done
Event: 7.708 loading class java/util/AbstractList$ListItr
Event: 7.708 loading class java/util/AbstractList$ListItr done
Event: 7.710 loading class sun/reflect/generics/repository/FieldRepository
Event: 7.711 loading class sun/reflect/generics/repository/FieldRepository done
Event: 7.711 loading class org/openqa/selenium/support/pagefactory/internal/LocatingElementListHandler
Event: 7.711 loading class org/openqa/selenium/support/pagefactory/internal/LocatingElementListHandler done
Event: 7.720 loading class com/cucumberBaby/ObjectMap/SearchResultsMap
Event: 7.720 loading class com/cucumberBaby/ObjectMap/SearchResultsMap done
Event: 7.723 loading class com/cucumberBaby/ObjectMap/ItemDetailsMap
Event: 7.723 loading class com/cucumberBaby/ObjectMap/ItemDetailsMap done


Dynamic libraries:
0x00007ff7cb0e0000 - 0x00007ff7cb0ef000 	C:\Program Files (x86)\Java\jdk-13.0.2\bin\java.exe
0x00007ffa767c0000 - 0x00007ffa769b0000 	C:\Windows\SYSTEM32\ntdll.dll
0x00007ffa759f0000 - 0x00007ffa75aa2000 	C:\Windows\System32\KERNEL32.DLL
0x00007ffa74460000 - 0x00007ffa74705000 	C:\Windows\System32\KERNELBASE.dll
0x00007ffa73930000 - 0x00007ffa73a2a000 	C:\Windows\System32\ucrtbase.dll
0x00007ffa63750000 - 0x00007ffa63768000 	C:\Program Files (x86)\Java\jdk-13.0.2\bin\jli.dll
0x00007ffa76650000 - 0x00007ffa766f3000 	C:\Windows\System32\ADVAPI32.dll
0x00007ffa75950000 - 0x00007ffa759ee000 	C:\Windows\System32\msvcrt.dll
0x00007ffa765b0000 - 0x00007ffa76647000 	C:\Windows\System32\sechost.dll
0x00007ffa75320000 - 0x00007ffa7543f000 	C:\Windows\System32\RPCRT4.dll
0x00007ffa63730000 - 0x00007ffa63745000 	C:\Program Files (x86)\Java\jdk-13.0.2\bin\VCRUNTIME140.dll
0x00007ffa754a0000 - 0x00007ffa75634000 	C:\Windows\System32\USER32.dll
0x00007ffa73810000 - 0x00007ffa73831000 	C:\Windows\System32\win32u.dll
0x00007ffa75d40000 - 0x00007ffa75d66000 	C:\Windows\System32\GDI32.dll
0x00007ffa66060000 - 0x00007ffa662e4000 	C:\Windows\WinSxS\amd64_microsoft.windows.common-controls_6595b64144ccf1df_6.0.18362.1500_none_9e79be6de462295c\COMCTL32.dll
0x00007ffa73a30000 - 0x00007ffa73bc8000 	C:\Windows\System32\gdi32full.dll
0x00007ffa74fe0000 - 0x00007ffa75316000 	C:\Windows\System32\combase.dll
0x00007ffa73890000 - 0x00007ffa7392e000 	C:\Windows\System32\msvcp_win.dll
0x00007ffa743d0000 - 0x00007ffa74451000 	C:\Windows\System32\bcryptPrimitives.dll
0x00007ffa6d430000 - 0x00007ffa6d43a000 	C:\Windows\SYSTEM32\VERSION.dll
0x00007ffa749b0000 - 0x00007ffa749de000 	C:\Windows\System32\IMM32.DLL
0x00007ffa535f0000 - 0x00007ffa5368b000 	C:\Program Files (x86)\Java\jdk-13.0.2\bin\msvcp140.dll
0x00007ffa2af10000 - 0x00007ffa2ba6d000 	C:\Program Files (x86)\Java\jdk-13.0.2\bin\server\jvm.dll
0x00007ffa75de0000 - 0x00007ffa75de8000 	C:\Windows\System32\PSAPI.DLL
0x00007ffa716b0000 - 0x00007ffa716d4000 	C:\Windows\SYSTEM32\WINMM.dll
0x00007ffa3ab90000 - 0x00007ffa3ab99000 	C:\Windows\SYSTEM32\WSOCK32.dll
0x00007ffa75d70000 - 0x00007ffa75ddf000 	C:\Windows\System32\WS2_32.dll
0x00007ffa71680000 - 0x00007ffa716ad000 	C:\Windows\SYSTEM32\WINMMBASE.dll
0x00007ffa73840000 - 0x00007ffa7388a000 	C:\Windows\System32\cfgmgr32.dll
0x00007ffa736a0000 - 0x00007ffa736b1000 	C:\Windows\System32\kernel.appcore.dll
0x00007ffa64110000 - 0x00007ffa64120000 	C:\Program Files (x86)\Java\jdk-13.0.2\bin\verify.dll
0x00007ffa61bb0000 - 0x00007ffa61da4000 	C:\Windows\SYSTEM32\DBGHELP.DLL
0x00007ffa60cf0000 - 0x00007ffa60d1a000 	C:\Windows\SYSTEM32\dbgcore.DLL
0x00007ffa636d0000 - 0x00007ffa636f6000 	C:\Program Files (x86)\Java\jdk-13.0.2\bin\java.dll
0x00007ffa6eec0000 - 0x00007ffa6eece000 	C:\Program Files (x86)\Java\jdk-13.0.2\bin\instrument.dll
0x00007ffa63420000 - 0x00007ffa63437000 	C:\Program Files (x86)\Java\jdk-13.0.2\bin\zip.dll
0x00007ffa62ff0000 - 0x00007ffa62ffa000 	C:\Program Files (x86)\Java\jdk-13.0.2\bin\jimage.dll
0x00007ffa75ec0000 - 0x00007ffa765a8000 	C:\Windows\System32\SHELL32.dll
0x00007ffa75ab0000 - 0x00007ffa75b57000 	C:\Windows\System32\shcore.dll
0x00007ffa73bd0000 - 0x00007ffa7434b000 	C:\Windows\System32\windows.storage.dll
0x00007ffa73680000 - 0x00007ffa7369e000 	C:\Windows\System32\profapi.dll
0x00007ffa736c0000 - 0x00007ffa7370a000 	C:\Windows\System32\powrprof.dll
0x00007ffa73670000 - 0x00007ffa73680000 	C:\Windows\System32\UMPDC.dll
0x00007ffa75440000 - 0x00007ffa75492000 	C:\Windows\System32\shlwapi.dll
0x00007ffa743b0000 - 0x00007ffa743c7000 	C:\Windows\System32\cryptsp.dll
0x00007ffa604a0000 - 0x00007ffa604b9000 	C:\Program Files (x86)\Java\jdk-13.0.2\bin\net.dll
0x00007ffa64890000 - 0x00007ffa6498a000 	C:\Windows\SYSTEM32\WINHTTP.dll
0x00007ffa72e60000 - 0x00007ffa72ec7000 	C:\Windows\system32\mswsock.dll
0x00007ffa535d0000 - 0x00007ffa535e3000 	C:\Program Files (x86)\Java\jdk-13.0.2\bin\nio.dll
0x00007ffa69480000 - 0x00007ffa6949a000 	D:\Program Files\JetBrains\IntelliJ IDEA Community Edition 2020.1\bin\breakgen64.dll
0x00007ffa729f0000 - 0x00007ffa72a23000 	C:\Windows\system32\rsaenh.dll
0x00007ffa737e0000 - 0x00007ffa73806000 	C:\Windows\System32\bcrypt.dll
0x00007ffa73560000 - 0x00007ffa73585000 	C:\Windows\SYSTEM32\USERENV.dll
0x00007ffa72fe0000 - 0x00007ffa72fec000 	C:\Windows\SYSTEM32\CRYPTBASE.dll
0x00007ffa72b80000 - 0x00007ffa72bba000 	C:\Windows\SYSTEM32\IPHLPAPI.DLL
0x00007ffa75d30000 - 0x00007ffa75d38000 	C:\Windows\System32\NSI.dll
0x00007ffa6c970000 - 0x00007ffa6c986000 	C:\Windows\SYSTEM32\dhcpcsvc6.DLL
0x00007ffa6c950000 - 0x00007ffa6c96c000 	C:\Windows\SYSTEM32\dhcpcsvc.DLL
0x00007ffa72bc0000 - 0x00007ffa72c8b000 	C:\Windows\SYSTEM32\DNSAPI.dll
0x00007ffa6bb70000 - 0x00007ffa6bb7a000 	C:\Windows\System32\rasadhlp.dll
0x00007ffa6c3d0000 - 0x00007ffa6c447000 	C:\Windows\System32\fwpuclnt.dll
0x00007ffa69420000 - 0x00007ffa69445000 	C:\Program Files (x86)\Java\jdk-13.0.2\bin\sunec.dll
0x00007ffa69410000 - 0x00007ffa6941e000 	C:\Program Files (x86)\Java\jdk-13.0.2\bin\sunmscapi.dll
0x00007ffa74710000 - 0x00007ffa74861000 	C:\Windows\System32\CRYPT32.dll
0x00007ffa73710000 - 0x00007ffa73722000 	C:\Windows\System32\MSASN1.dll
0x00007ffa730f0000 - 0x00007ffa73116000 	C:\Windows\SYSTEM32\ncrypt.dll
0x00007ffa730b0000 - 0x00007ffa730eb000 	C:\Windows\SYSTEM32\NTASN1.dll

dbghelp: loaded successfully - version: 4.0.5 - missing functions: none
symbol engine: initialized successfully - sym options: 0x614 - pdb path: .;C:\Program Files (x86)\Java\jdk-13.0.2\bin;C:\Windows\SYSTEM32;C:\Windows\WinSxS\amd64_microsoft.windows.common-controls_6595b64144ccf1df_6.0.18362.1500_none_9e79be6de462295c;C:\Program Files (x86)\Java\jdk-13.0.2\bin\server;D:\Program Files\JetBrains\IntelliJ IDEA Community Edition 2020.1\bin

VM Arguments:
jvm_args: -Dorg.jetbrains.run.directory=C:\Users\Bienvenido\IdeaProjects\Challenge\src\test\resources -javaagent:D:\Program Files\JetBrains\IntelliJ IDEA Community Edition 2020.1\lib\idea_rt.jar=54082:D:\Program Files\JetBrains\IntelliJ IDEA Community Edition 2020.1\bin -Dfile.encoding=UTF-8 
java_command: io.cucumber.core.cli.Main --plugin org.jetbrains.plugins.cucumber.java.run.CucumberJvm5SMFormatter --glue com.cucumberBaby.StepDefs C:/Users/Bienvenido/IdeaProjects/Challenge/src/test/resources/landingMSPage.feature
java_class_path (initial): C:\Users\Bienvenido\IdeaProjects\Challenge\target\test-classes;C:\Users\Bienvenido\IdeaProjects\Challenge\target\classes;C:\Users\Bienvenido\.m2\repository\io\cucumber\cucumber-java\5.6.0\cucumber-java-5.6.0.jar;C:\Users\Bienvenido\.m2\repository\org\apiguardian\apiguardian-api\1.1.0\apiguardian-api-1.1.0.jar;C:\Users\Bienvenido\.m2\repository\io\cucumber\cucumber-testng\5.6.0\cucumber-testng-5.6.0.jar;C:\Users\Bienvenido\.m2\repository\io\cucumber\cucumber-core\5.6.0\cucumber-core-5.6.0.jar;C:\Users\Bienvenido\.m2\repository\io\cucumber\cucumber-gherkin\5.6.0\cucumber-gherkin-5.6.0.jar;C:\Users\Bienvenido\.m2\repository\io\cucumber\cucumber-gherkin-vintage\5.6.0\cucumber-gherkin-vintage-5.6.0.jar;C:\Users\Bienvenido\.m2\repository\io\cucumber\tag-expressions\2.0.4\tag-expressions-2.0.4.jar;C:\Users\Bienvenido\.m2\repository\io\cucumber\cucumber-expressions\8.3.1\cucumber-expressions-8.3.1.jar;C:\Users\Bienvenido\.m2\repository\io\cucumber\datatable\3.3.1\datatable-3.3.1.jar;C:\Users\Bienvenido\.m2\repository\io\cucumber\cucumber-plugin\5.6.0\cucumber-plugin-5.6.0.jar;C:\Users\Bienvenido\.m2\repository\io\cucumber\docstring\5.6.0\docstring-5.6.0.jar;C:\Users\Bienvenido\.m2\repository\org\testng\testng\6.14.3\testng-6.14.3.jar;C:\Users\Bienvenido\.m2\repository\com\beust\jcommander\1.72\jcommander-1.72.jar;C:\Users\Bienvenido\.m2\repository\org\apache-extras\beanshell\bsh\2.0b6\bsh-2.0b6.jar;C:\Users\Bienvenido\.m2\repository\com\relevantcodes\extentreports\2.41.2\extentreports-2.41.2.jar;C:\Users\Bienvenido\.m2\repository\org\jsoup\jsoup\1.8.3\jsoup-1.8.3.jar;C:\Users\Bienvenido\.m2\repository\org\xerial\sqlite-jdbc\3.8.11.1\sqlite-jdbc-3.8.11.1.jar;C:\Users\Bienvenido\.m2\repository\org\freemarker\freemarker\2.3.23\freemarker-2.3.23.jar;C:\Users\Bienvenido\.m2\repository\org\mongodb\mongodb-driver\3.0.4\mongodb-driver-3.0.4.jar;C:\Users\Bienvenido\.m2\repository\org\mongodb\bson\3.0.4\bson-3.0.4.jar;C:\Users\Bienvenido\.m2\repository\or
Launcher Type: SUN_STANDARD

[Global flags]
     intx CICompilerCount                          = 3                                         {product} {ergonomic}
     uint ConcGCThreads                            = 1                                         {product} {ergonomic}
     uint G1ConcRefinementThreads                  = 4                                         {product} {ergonomic}
   size_t G1HeapRegionSize                         = 1048576                                   {product} {ergonomic}
    uintx GCDrainStackTargetSize                   = 64                                        {product} {ergonomic}
   size_t InitialHeapSize                          = 268435456                                 {product} {ergonomic}
   size_t MarkStackSize                            = 4194304                                   {product} {ergonomic}
   size_t MaxHeapSize                              = 4284481536                                {product} {ergonomic}
   size_t MaxNewSize                               = 2570059776                                {product} {ergonomic}
   size_t MinHeapDeltaBytes                        = 1048576                                   {product} {ergonomic}
   size_t MinHeapSize                              = 8388608                                   {product} {ergonomic}
    uintx NonNMethodCodeHeapSize                   = 5832780                                {pd product} {ergonomic}
    uintx NonProfiledCodeHeapSize                  = 122912730                              {pd product} {ergonomic}
    uintx ProfiledCodeHeapSize                     = 122912730                              {pd product} {ergonomic}
    uintx ReservedCodeCacheSize                    = 251658240                              {pd product} {ergonomic}
     bool SegmentedCodeCache                       = true                                      {product} {ergonomic}
   size_t SoftMaxHeapSize                          = 4284481536                             {manageable} {ergonomic}
     bool UseCompressedClassPointers               = true                                 {lp64_product} {ergonomic}
     bool UseCompressedOops                        = true                                 {lp64_product} {ergonomic}
     bool UseG1GC                                  = true                                      {product} {ergonomic}
     bool UseLargePagesIndividualAllocation        = false                                  {pd product} {ergonomic}

Logging:
Log output configuration:
 #0: stdout all=warning uptime,level,tags
 #1: stderr all=off uptime,level,tags

Environment Variables:
JAVA_HOME=C:\Program Files (x86)\Java\jdk-13.0.2\
PATH=C:\Python39\Scripts\;C:\Python39\;C:\Program Files (x86)\Common Files\Oracle\Java\javapath;C:\Python27\;C:\Python27\Scripts;C:\Program Files\Microsoft MPI\Bin\;C:\Windows\system32;C:\Windows;C:\Windows\System32\Wbem;C:\Windows\System32\WindowsPowerShell\v1.0\;C:\Windows\System32\OpenSSH\;C:\Program Files\dotnet\;C:\Program Files\Microsoft SQL Server\130\Tools\Binn\;C:\Program Files\Microsoft SQL Server\Client SDK\ODBC\170\Tools\Binn\;C:\Program Files (x86)\Microsoft SQL Server\150\Tools\Binn\;C:\Program Files\Microsoft SQL Server\150\Tools\Binn\;C:\Program Files (x86)\Microsoft SQL Server\150\DTS\Binn\;C:\Program Files\Microsoft SQL Server\150\DTS\Binn\;C:\Program Files\Git\cmd;C:\ProgramData\chocolatey\bin;d:\Program Files (x86)\Brackets\command;C:\Program Files (x86)\Java\jdk-13.0.2\\bin;C:\Program Files\PuTTY\;C:\Program Files (x86)\dotnet\;C:\Program Files\nodejs\;C:\Users\Bienvenido\AppData\Local\Programs\Python\Python38-32\Scripts\;C:\Users\Bienvenido\AppData\Local\Programs\Python\Python38-32\;C:\Users\Bienvenido\AppData\Local\Microsoft\WindowsApps;C:\Users\Bienvenido\AppData\Local\Programs\Microsoft VS Code\bin;d:\Program Files\JetBrains\IntelliJ IDEA Community Edition 2020.1\bin;C:\Users\Bienvenido\AppData\Roaming\npm;D:\Program Files\MongoDB\Server\4.4\bin;
USERNAME=Bienvenido
OS=Windows_NT
PROCESSOR_IDENTIFIER=Intel64 Family 6 Model 42 Stepping 7, GenuineIntel



---------------  S Y S T E M  ---------------

OS: Windows 10 , 64 bit Build 18362 (10.0.18362.1500)
HyperV virtualization detected

CPU:total 4 (initial active 4) (4 cores per cpu, 2 threads per core) family 6 model 42 stepping 7, cmov, cx8, fxsr, mmx, sse, sse2, sse3, ssse3, sse4.1, sse4.2, popcnt, avx, aes, clmul, ht, tsc, tscinvbit

Memory: 4k page, system-wide physical 16342M (6114M free)
TotalPageFile size 17366M (AvailPageFile size 3M)
current process WorkingSet (physical memory assigned to process): 112M, peak: 117M
current process commit charge ("private bytes"): 365M, peak: 371M

vm_info: Java HotSpot(TM) 64-Bit Server VM (13.0.2+8) for windows-amd64 JRE (13.0.2+8), built on Dec 11 2019 09:20:33 by "mach5one" with unknown MS VC++:1916

END.
